make all --print-data-base --no-builtin-variables --no-builtin-rules --question
# GNU Make 3.81
# Copyright (C) 2006  Free Software Foundation, Inc.
# This is free software; see the source for copying conditions.
# There is NO warranty; not even for MERCHANTABILITY or FITNESS FOR A
# PARTICULAR PURPOSE.

# This program built for i386-apple-darwin11.3.0

# Make data base, printed on Mon Aug 22 12:20:56 2022

# Variables

# automatic
<D = $(patsubst %/,%,$(dir $<))
# automatic
?F = $(notdir $?)
# environment
ELECTRON_NO_ATTACH_CONSOLE = 1
# environment
HOMEBREW_NO_ANALYTICS = 1
# automatic
?D = $(patsubst %/,%,$(dir $?))
# automatic
@D = $(patsubst %/,%,$(dir $@))
# automatic
@F = $(notdir $@)
# makefile
CURDIR := /Users/alexwalbridge/code/2_working_folder/karimstephan/povmapper
# makefile
SHELL = /bin/sh
# environment
VSCODE_NLS_CONFIG = {"locale":"en-us","availableLanguages":{},"_languagePackSupport":true}
# environment
_ = /usr/bin/make
# environment
GOOGLE_APPLICATION_CREDENTIALS = /Users/alexwalbridge/code/10_GCP/wagon-bootcamp-347604-beffb2fc9d55.json
# makefile (from `Makefile', line 1)
MAKEFILE_LIST :=  Makefile
# environment
__CFBundleIdentifier = com.microsoft.VSCode
# makefile (from `Makefile', line 47)
PYPI_USERNAME = <AUTHOR>
# environment
VSCODE_CWD = /Users/alexwalbridge/code/2_working_folder/karimstephan/povmapper
# environment
PATH = /usr/local/Caskroom/google-cloud-sdk/latest/google-cloud-sdk/bin:./bin:./node_modules/.bin:/Users/alexwalbridge/.pyenv/plugins/pyenv-virtualenv/shims:/Users/alexwalbridge/.pyenv/shims:/Users/alexwalbridge/.rbenv/bin:/Users/alexwalbridge/.pyenv/plugins/pyenv-virtualenv/shims:/Users/alexwalbridge/.pyenv/bin:/usr/local/bin:/usr/bin:/bin:/usr/sbin:/sbin:/usr/local/sbin
# environment
LSCOLORS = Gxfxcxdxbxegedabagacad
# environment
VIRTUAL_ENV = /Users/alexwalbridge/.pyenv/versions/3.8.12/envs/lewagon
# environment
LaunchInstanceID = 145CF660-70EA-407C-A6BF-3CF9F4DEFCF0
# environment
ELECTRON_RUN_AS_NODE = 1
# environment
PYENV_ROOT = /Users/alexwalbridge/.pyenv
# default
.FEATURES := target-specific order-only second-expansion else-if archives jobserver check-symlink
# environment
SSH_AUTH_SOCK = /private/tmp/com.apple.launchd.EEy8dyPgCl/Listeners
# automatic
%F = $(notdir $%)
# environment
PWD = /Users/alexwalbridge/code/2_working_folder/karimstephan/povmapper
# environment
ORIGINAL_XDG_CURRENT_DESKTOP = undefined
# environment
VSCODE_AMD_ENTRYPOINT = vs/workbench/api/node/extensionHostProcess
# environment
PYENV_SHELL = zsh
# environment
HOME = /Users/alexwalbridge
# default
MAKEFILEPATH = $(shell /usr/bin/xcode-select -print-path 2>/dev/null || echo /Developer)/Makefiles
# environment
VSCODE_CLI = 1
# environment
VSCODE_CODE_CACHE_PATH = /Users/alexwalbridge/Library/Application Support/Code/CachedData/e4503b30fc78200f846c62cf8091b76ff5547662
# environment
LOGNAME = alexwalbridge
# environment
BUNDLER_EDITOR = code
# environment
APPLICATION_INSIGHTS_NO_DIAGNOSTIC_CHANNEL = true
# environment
PYTHONBREAKPOINT = ipdb.set_trace
# environment
VSCODE_HANDLES_UNCAUGHT_ERRORS = true
# automatic
^D = $(patsubst %/,%,$(dir $^))
# environment
XPC_FLAGS = 0x0
# default
MAKE = $(MAKE_COMMAND)
# default
MAKECMDGOALS := all
# environment
SHLVL = 3
# default
MAKE_VERSION := 3.81
# environment
USER = alexwalbridge
# makefile
.DEFAULT_GOAL := install_requirements
# environment
TERM_SESSION_ID = 8EFCEC8A-1501-4023-8201-06D84C4E1D86
# environment
LESS = -R
# automatic
%D = $(patsubst %/,%,$(dir $%))
# default
MAKE_COMMAND := /Library/Developer/CommandLineTools/usr/bin/make
# environment
TERM_PROGRAM = Apple_Terminal
# default
.VARIABLES := 
# environment
TMPDIR = /var/folders/k1/r7px6rdx6hsdpvv2jd0z1_v40000gn/T/
# automatic
*F = $(notdir $*)
# environment
VSCODE_IPC_HOOK = /Users/alexwalbridge/Library/Application Support/Code/1.70.2-main.sock
# environment
MallocNanoZone = 0
# environment
PYTHONPATH = /Users/alexwalbridge/code/jalwalb2765/data-challenges/04-Decision-Science:
# makefile
MAKEFLAGS = Rrqp
# environment
MFLAGS = -Rrqp
# automatic
*D = $(patsubst %/,%,$(dir $*))
# environment
TERM_PROGRAM_VERSION = 445
# environment
NVM_DIR = /Users/alexwalbridge/.nvm
# environment
XPC_SERVICE_NAME = application.com.microsoft.VSCode.290588011.290588017.7554666E-1AD3-44DF-80EF-7151BD67B257
# automatic
+D = $(patsubst %/,%,$(dir $+))
# automatic
+F = $(notdir $+)
# environment
__CF_USER_TEXT_ENCODING = 0x1F5:0x0:0x0
# environment
COMMAND_MODE = unix2003
# default
MAKEFILES := 
# automatic
<F = $(notdir $<)
# environment
EDITOR = code
# environment
PAGER = less
# environment
LC_ALL = C
# environment
PYENV_VIRTUALENV_DISABLE_PROMPT = 1
# environment
PYENV_VIRTUAL_ENV = /Users/alexwalbridge/.pyenv/versions/3.8.12/envs/lewagon
# environment
SECURITYSESSIONID = 186a3
# automatic
^F = $(notdir $^)
# default
SUFFIXES := 
# environment
PYENV_VIRTUALENV_INIT = 1
# default
.INCLUDE_DIRS = /usr/local/include
# environment
MAKELEVEL := 0
# environment
LANG = C
# environment
TERM = xterm-256color
# environment
VSCODE_PID = 12499
# variable set hash-table stats:
# Load=83/1024=8%, Rehash=0, Collisions=2/109=2%

# Pattern-specific Variable Values

# No pattern-specific variable values.

# Directories

# . (device 16777220, inode 285214174): 22 files, no impossibilities.

# 22 files, no impossibilities in 1 directories.

# Implicit Rules

# No implicit rules.

# Files

black:
#  Implicit rule search has not been done.
#  Modification time never checked.
#  File has not been updated.
#  commands to execute (from `Makefile', line 11):
	@black scripts/* povmapper/*.py
	

all: clean install test black check_code
#  Command-line target.
#  Implicit rule search has been done.
#  File does not exist.
#  File has been updated.
#  Needs to be updated (-q is set).
# variable set hash-table stats:
# Load=0/32=0%, Rehash=0, Collisions=0/2=0%

install_requirements:
#  Implicit rule search has not been done.
#  Modification time never checked.
#  File has not been updated.
#  commands to execute (from `Makefile', line 5):
	@pip install -r requirements.txt
	

pypi:
#  Implicit rule search has not been done.
#  Modification time never checked.
#  File has not been updated.
#  commands to execute (from `Makefile', line 55):
	@twine upload dist/* -u $(PYPI_USERNAME)
	

# Not a target:
.SUFFIXES:
#  Implicit rule search has not been done.
#  Modification time never checked.
#  File has not been updated.

# Not a target:
Makefile:
#  Implicit rule search has been done.
#  Last modified 2022-06-15 16:23:09
#  File has been updated.
#  Successfully updated.
# variable set hash-table stats:
# Load=0/32=0%, Rehash=0, Collisions=0/0=0%

test:
#  Implicit rule search has not been done.
#  Modification time never checked.
#  File has not been updated.
#  commands to execute (from `Makefile', line 14):
	@coverage run -m pytest tests/*.py
	@coverage report -m --omit="${VIRTUAL_ENV}/lib/python*"
	

build:
#  Implicit rule search has not been done.
#  Modification time never checked.
#  File has not been updated.
#  commands to execute (from `Makefile', line 49):
	@python setup.py sdist bdist_wheel
	

check_code:
#  Implicit rule search has not been done.
#  Modification time never checked.
#  File has not been updated.
#  commands to execute (from `Makefile', line 8):
	@flake8 scripts/* povmapper/*.py
	

count_lines:
#  Implicit rule search has not been done.
#  Modification time never checked.
#  File has not been updated.
#  commands to execute (from `Makefile', line 34):
	@find ./ -name '*.py' -exec  wc -l {} \; | sort -n| awk \
	'{printf "%4s %s\n", $$1, $$2}{s+=$$0}END{print s}'
	@echo ''
	@find ./scripts -name '*-*' -exec  wc -l {} \; | sort -n| awk \
	'{printf "%4s %s\n", $$1, $$2}{s+=$$0}END{print s}'
	@echo ''
	@find ./tests -name '*.py' -exec  wc -l {} \; | sort -n| awk \
	'{printf "%4s %s\n", $$1, $$2}{s+=$$0}END{print s}'
	@echo ''
	

# Not a target:
.DEFAULT:
#  Implicit rule search has not been done.
#  Modification time never checked.
#  File has not been updated.

clean:
#  Implicit rule search has not been done.
#  Implicit/static pattern stem: `'
#  File does not exist.
#  File has been updated.
#  Needs to be updated (-q is set).
# automatic
# @ := clean
# automatic
# % := 
# automatic
# * := 
# automatic
# + := 
# automatic
 
# | := 
# automatic
# < := 
# automatic
# ^ := 
# automatic
# ? := 
# variable set hash-table stats:
# Load=8/32=25%, Rehash=0, Collisions=1/10=10%
#  commands to execute (from `Makefile', line 21):
	@rm -f */version.txt
	@rm -f .coverage
	@rm -fr */__pycache__ */*.pyc __pycache__
	@rm -fr build dist
	@rm -fr povmapper-*.dist-info
	@rm -fr povmapper.egg-info
	

streamlit:
#  Implicit rule search has not been done.
#  Modification time never checked.
#  File has not been updated.
#  commands to execute (from `Makefile', line 62):
	@streamlit run frontend.py
	

ftest:
#  Implicit rule search has not been done.
#  Modification time never checked.
#  File has not been updated.
#  commands to execute (from `Makefile', line 18):
	@Write me
	

pypi_test:
#  Implicit rule search has not been done.
#  Modification time never checked.
#  File has not been updated.
#  commands to execute (from `Makefile', line 52):
	@twine upload -r testpypi dist/* -u $(PYPI_USERNAME)
	

run_api:
#  Implicit rule search has not been done.
#  Modification time never checked.
#  File has not been updated.
#  commands to execute (from `Makefile', line 67):
	uvicorn api.fast:app --reload
	

install:
#  Implicit rule search has not been done.
#  Modification time never checked.
#  File has not been updated.
#  commands to execute (from `Makefile', line 29):
	@pip install . -U
	

# files hash-table stats:
# Load=17/1024=2%, Rehash=0, Collisions=0/36=0%
# VPATH Search Paths

# No `vpath' search paths.

# No general (`VPATH' variable) search path.

# # of strings in strcache: 1
# # of strcache buffers: 1
# strcache size: total = 4096 / max = 4096 / min = 4096 / avg = 4096
# strcache free: total = 4087 / max = 4087 / min = 4087 / avg = 4087

# Finished Make data base on Mon Aug 22 12:20:56 2022

 
